# JRE version: Java(TM) SE Runtime Environment (17.0.12+8) (build 17.0.12+8-LTS-286)
# Java VM: Java HotSpot(TM) 64-Bit Server VM (17.0.12+8-LTS-286, mixed mode, sharing, tiered, compressed oops, compressed class ptrs, g1 gc, windows-amd64)
GC Precious Log:
 CPUs: 12 total, 12 available
 Memory: 7501M
 Large Page Support: Disabled
 NUMA Support: Disabled
 Compressed Oops: Enabled (Zero based)
 Heap Region Size: 4M
 Heap Min Capacity: 8M
 Heap Initial Capacity: 120M
 Heap Max Capacity: 8G
 Pre-touch: Disabled
 Parallel Workers: 10
 Concurrent Workers: 3
 Concurrent Refinement Workers: 10
 Periodic GC: Disabled
Heap:
 garbage-first heap   total 368640K, used 182144K [0x0000000600000000, 0x0000000800000000)
  region size 4096K, 4 young (16384K), 4 survivors (16384K)
 Metaspace       used 112810K, committed 114176K, reserved 1179648K
  class space    used 15616K, committed 16256K, reserved 1048576K
GC Heap History (20 events):
Event: 1607.232 GC heap after
{Heap after GC invocations=43 (full 0):
 garbage-first heap   total 184320K, used 103518K [0x0000000600000000, 0x0000000800000000)
  region size 4096K, 2 young (8192K), 2 survivors (8192K)
 Metaspace       used 79015K, committed 80064K, reserved 1179648K
  class space    used 11121K, committed 11584K, reserved 1048576K
}
Event: 1608.449 GC heap before
{Heap before GC invocations=44 (full 0):
 garbage-first heap   total 184320K, used 136286K [0x0000000600000000, 0x0000000800000000)
  region size 4096K, 11 young (45056K), 2 survivors (8192K)
 Metaspace       used 81227K, committed 82240K, reserved 1179648K
  class space    used 11399K, committed 11840K, reserved 1048576K
}
Event: 1608.468 GC heap after
{Heap after GC invocations=45 (full 0):
 garbage-first heap   total 184320K, used 111664K [0x0000000600000000, 0x0000000800000000)
  region size 4096K, 2 young (8192K), 2 survivors (8192K)
 Metaspace       used 81227K, committed 82240K, reserved 1179648K
  class space    used 11399K, committed 11840K, reserved 1048576K
}
Event: 1608.616 GC heap before
{Heap before GC invocations=45 (full 0):
 garbage-first heap   total 184320K, used 115760K [0x0000000600000000, 0x0000000800000000)
  region size 4096K, 3 young (12288K), 2 survivors (8192K)
 Metaspace       used 81592K, committed 82624K, reserved 1179648K
  class space    used 11433K, committed 11904K, reserved 1048576K
}
Event: 1608.631 GC heap after
{Heap after GC invocations=46 (full 0):
 garbage-first heap   total 368640K, used 106842K [0x0000000600000000, 0x0000000800000000)
  region size 4096K, 1 young (4096K), 1 survivors (4096K)
 Metaspace       used 81592K, committed 82624K, reserved 1179648K
  class space    used 11433K, committed 11904K, reserved 1048576K
}
Event: 1613.346 GC heap before
{Heap before GC invocations=46 (full 0):
 garbage-first heap   total 368640K, used 254298K [0x0000000600000000, 0x0000000800000000)
  region size 4096K, 37 young (151552K), 1 survivors (4096K)
 Metaspace       used 92056K, committed 93056K, reserved 1179648K
  class space    used 12686K, committed 13120K, reserved 1048576K
}
Event: 1613.356 GC heap after
{Heap after GC invocations=47 (full 0):
 garbage-first heap   total 368640K, used 115677K [0x0000000600000000, 0x0000000800000000)
  region size 4096K, 3 young (12288K), 3 survivors (12288K)
 Metaspace       used 92056K, committed 93056K, reserved 1179648K
  class space    used 12686K, committed 13120K, reserved 1048576K
}
Event: 1616.945 GC heap before
{Heap before GC invocations=47 (full 0):
 garbage-first heap   total 368640K, used 271325K [0x0000000600000000, 0x0000000800000000)
  region size 4096K, 41 young (167936K), 3 survivors (12288K)
 Metaspace       used 99350K, committed 100480K, reserved 1179648K
  class space    used 13667K, committed 14208K, reserved 1048576K
}
Event: 1616.962 GC heap after
{Heap after GC invocations=48 (full 0):
 garbage-first heap   total 368640K, used 126359K [0x0000000600000000, 0x0000000800000000)
  region size 4096K, 5 young (20480K), 5 survivors (20480K)
 Metaspace       used 99350K, committed 100480K, reserved 1179648K
  class space    used 13667K, committed 14208K, reserved 1048576K
}
Event: 1620.949 GC heap before
{Heap before GC invocations=48 (full 0):
 garbage-first heap   total 368640K, used 277911K [0x0000000600000000, 0x0000000800000000)
  region size 4096K, 42 young (172032K), 5 survivors (20480K)
 Metaspace       used 108694K, committed 109952K, reserved 1179648K
  class space    used 15068K, committed 15680K, reserved 1048576K
}
Event: 1620.986 GC heap after
{Heap after GC invocations=49 (full 0):
 garbage-first heap   total 368640K, used 132568K [0x0000000600000000, 0x0000000800000000)
  region size 4096K, 5 young (20480K), 5 survivors (20480K)
 Metaspace       used 108694K, committed 109952K, reserved 1179648K
  class space    used 15068K, committed 15680K, reserved 1048576K
}
Event: 1623.335 GC heap before
{Heap before GC invocations=49 (full 0):
 garbage-first heap   total 368640K, used 284120K [0x0000000600000000, 0x0000000800000000)
  region size 4096K, 43 young (176128K), 5 survivors (20480K)
 Metaspace       used 108934K, committed 110208K, reserved 1179648K
  class space    used 15079K, committed 15680K, reserved 1048576K
}
Event: 1623.363 GC heap after
{Heap after GC invocations=50 (full 0):
 garbage-first heap   total 368640K, used 139747K [0x0000000600000000, 0x0000000800000000)
  region size 4096K, 4 young (16384K), 4 survivors (16384K)
 Metaspace       used 108934K, committed 110208K, reserved 1179648K
  class space    used 15079K, committed 15680K, reserved 1048576K
}
Event: 1628.862 GC heap before
{Heap before GC invocations=50 (full 0):
 garbage-first heap   total 368640K, used 295395K [0x0000000600000000, 0x0000000800000000)
  region size 4096K, 42 young (172032K), 4 survivors (16384K)
 Metaspace       used 111551K, committed 112896K, reserved 1179648K
  class space    used 15479K, committed 16128K, reserved 1048576K
}
Event: 1628.884 GC heap after
{Heap after GC invocations=51 (full 0):
 garbage-first heap   total 368640K, used 160673K [0x0000000600000000, 0x0000000800000000)
  region size 4096K, 6 young (24576K), 6 survivors (24576K)
 Metaspace       used 111551K, committed 112896K, reserved 1179648K
  class space    used 15479K, committed 16128K, reserved 1048576K
}
Event: 1630.255 GC heap before
{Heap before GC invocations=51 (full 0):
 garbage-first heap   total 368640K, used 287649K [0x0000000600000000, 0x0000000800000000)
  region size 4096K, 37 young (151552K), 6 survivors (24576K)
 Metaspace       used 111697K, committed 113024K, reserved 1179648K
  class space    used 15494K, committed 16128K, reserved 1048576K
}
Event: 1630.282 GC heap after
{Heap after GC invocations=52 (full 0):
 garbage-first heap   total 368640K, used 171043K [0x0000000600000000, 0x0000000800000000)
  region size 4096K, 3 young (12288K), 3 survivors (12288K)
 Metaspace       used 111697K, committed 113024K, reserved 1179648K
  class space    used 15494K, committed 16128K, reserved 1048576K
}
Event: 1631.510 GC heap before
{Heap before GC invocations=52 (full 0):
 garbage-first heap   total 368640K, used 285731K [0x0000000600000000, 0x0000000800000000)
  region size 4096K, 32 young (131072K), 3 survivors (12288K)
 Metaspace       used 111866K, committed 113216K, reserved 1179648K
  class space    used 15507K, committed 16128K, reserved 1048576K
}
Event: 1631.523 GC heap after
{Heap after GC invocations=53 (full 0):
 garbage-first heap   total 368640K, used 176333K [0x0000000600000000, 0x0000000800000000)
  region size 4096K, 2 young (8192K), 2 survivors (8192K)
 Metaspace       used 111866K, committed 113216K, reserved 1179648K
  class space    used 15507K, committed 16128K, reserved 1048576K
}
Event: 1633.342 GC heap before
{Heap before GC invocations=53 (full 0):
 garbage-first heap   total 368640K, used 286925K [0x0000000600000000, 0x0000000800000000)
  region size 4096K, 30 young (122880K), 2 survivors (8192K)
 Metaspace       used 112810K, committed 114176K, reserved 1179648K
  class space    used 15616K, committed 16256K, reserved 1048576K
}

