# JRE version: OpenJDK Runtime Environment Temurin-21.0.11+10 (21.0.11+10) (build 21.0.11+10-LTS)
# Java VM: OpenJDK 64-Bit Server VM Temurin-21.0.11+10 (21.0.11+10-LTS, mixed mode, sharing, tiered, compressed oops, compressed class ptrs, g1 gc, windows-amd64)
GC Precious Log:
 CardTable entry size: 512
 Card Set container configuration: InlinePtr #cards 4 size 8 Array Of Cards #cards 32 size 80 Howl #buckets 8 coarsen threshold 7372 Howl Bitmap #cards 1024 size 144 coarsen threshold 921 Card regions per heap region 1 cards per card region 8192
 CPUs: 12 total, 12 available
 Memory: 7501M
 Large Page Support: Disabled
 NUMA Support: Disabled
 Compressed Oops: Enabled (Zero based)
 Heap Region Size: 4M
 Heap Min Capacity: 8M
 Heap Initial Capacity: 120M
 Heap Max Capacity: 8G
 Pre-touch: Disabled
 Parallel Workers: 10
 Concurrent Workers: 3
 Concurrent Refinement Workers: 10
 Periodic GC: Disabled
Heap:
 garbage-first heap   total 450560K, used 277373K [0x0000000600000000, 0x0000000800000000)
  region size 4096K, 4 young (16384K), 2 survivors (8192K)
 Metaspace       used 122398K, committed 125248K, reserved 1179648K
  class space    used 16810K, committed 18176K, reserved 1048576K
GC Heap History (20 events):
Event: 136.541 GC heap before
{Heap before GC invocations=72 (full 0):
 garbage-first heap   total 364544K, used 304381K [0x0000000600000000, 0x0000000800000000)
  region size 4096K, 25 young (102400K), 2 survivors (8192K)
 Metaspace       used 113148K, committed 115904K, reserved 1179648K
  class space    used 15958K, committed 17280K, reserved 1048576K
}
Event: 136.581 GC heap after
{Heap after GC invocations=73 (full 0):
 garbage-first heap   total 364544K, used 223601K [0x0000000600000000, 0x0000000800000000)
  region size 4096K, 4 young (16384K), 4 survivors (16384K)
 Metaspace       used 113148K, committed 115904K, reserved 1179648K
  class space    used 15958K, committed 17280K, reserved 1048576K
}
Event: 140.986 GC heap before
{Heap before GC invocations=73 (full 0):
 garbage-first heap   total 364544K, used 326001K [0x0000000600000000, 0x0000000800000000)
  region size 4096K, 30 young (122880K), 4 survivors (16384K)
 Metaspace       used 113314K, committed 116096K, reserved 1179648K
  class space    used 15977K, committed 17280K, reserved 1048576K
}
Event: 141.036 GC heap after
{Heap after GC invocations=74 (full 0):
 garbage-first heap   total 364544K, used 223997K [0x0000000600000000, 0x0000000800000000)
  region size 4096K, 2 young (8192K), 2 survivors (8192K)
 Metaspace       used 113314K, committed 116096K, reserved 1179648K
  class space    used 15977K, committed 17280K, reserved 1048576K
}
Event: 144.694 GC heap before
{Heap before GC invocations=74 (full 0):
 garbage-first heap   total 364544K, used 326397K [0x0000000600000000, 0x0000000800000000)
  region size 4096K, 28 young (114688K), 2 survivors (8192K)
 Metaspace       used 113441K, committed 116224K, reserved 1179648K
  class space    used 15991K, committed 17280K, reserved 1048576K
}
Event: 144.720 GC heap after
{Heap after GC invocations=75 (full 0):
 garbage-first heap   total 364544K, used 227908K [0x0000000600000000, 0x0000000800000000)
  region size 4096K, 3 young (12288K), 3 survivors (12288K)
 Metaspace       used 113441K, committed 116224K, reserved 1179648K
  class space    used 15991K, committed 17280K, reserved 1048576K
}
Event: 145.537 GC heap before
{Heap before GC invocations=76 (full 0):
 garbage-first heap   total 385024K, used 330308K [0x0000000600000000, 0x0000000800000000)
  region size 4096K, 29 young (118784K), 3 survivors (12288K)
 Metaspace       used 113442K, committed 116224K, reserved 1179648K
  class space    used 15991K, committed 17280K, reserved 1048576K
}
Event: 145.555 GC heap after
{Heap after GC invocations=77 (full 0):
 garbage-first heap   total 385024K, used 234325K [0x0000000600000000, 0x0000000800000000)
  region size 4096K, 4 young (16384K), 4 survivors (16384K)
 Metaspace       used 113442K, committed 116224K, reserved 1179648K
  class space    used 15991K, committed 17280K, reserved 1048576K
}
Event: 150.414 GC heap before
{Heap before GC invocations=77 (full 0):
 garbage-first heap   total 385024K, used 344917K [0x0000000600000000, 0x0000000800000000)
  region size 4096K, 32 young (131072K), 4 survivors (16384K)
 Metaspace       used 113723K, committed 116544K, reserved 1179648K
  class space    used 16025K, committed 17344K, reserved 1048576K
}
Event: 150.459 GC heap after
{Heap after GC invocations=78 (full 0):
 garbage-first heap   total 385024K, used 241485K [0x0000000600000000, 0x0000000800000000)
  region size 4096K, 4 young (16384K), 4 survivors (16384K)
 Metaspace       used 113723K, committed 116544K, reserved 1179648K
  class space    used 16025K, committed 17344K, reserved 1048576K
}
Event: 151.535 GC heap before
{Heap before GC invocations=78 (full 0):
 garbage-first heap   total 385024K, used 347981K [0x0000000600000000, 0x0000000800000000)
  region size 4096K, 31 young (126976K), 4 survivors (16384K)
 Metaspace       used 113777K, committed 116608K, reserved 1179648K
  class space    used 16032K, committed 17344K, reserved 1048576K
}
Event: 151.555 GC heap after
{Heap after GC invocations=79 (full 0):
 garbage-first heap   total 385024K, used 241414K [0x0000000600000000, 0x0000000800000000)
  region size 4096K, 1 young (4096K), 1 survivors (4096K)
 Metaspace       used 113777K, committed 116608K, reserved 1179648K
  class space    used 16032K, committed 17344K, reserved 1048576K
}
Event: 153.717 GC heap before
{Heap before GC invocations=80 (full 0):
 garbage-first heap   total 405504K, used 352006K [0x0000000600000000, 0x0000000800000000)
  region size 4096K, 29 young (118784K), 1 survivors (4096K)
 Metaspace       used 113824K, committed 116672K, reserved 1179648K
  class space    used 16038K, committed 17344K, reserved 1048576K
}
Event: 153.732 GC heap after
{Heap after GC invocations=81 (full 0):
 garbage-first heap   total 405504K, used 248437K [0x0000000600000000, 0x0000000800000000)
  region size 4096K, 3 young (12288K), 3 survivors (12288K)
 Metaspace       used 113824K, committed 116672K, reserved 1179648K
  class space    used 16038K, committed 17344K, reserved 1048576K
}
Event: 156.007 GC heap before
{Heap before GC invocations=81 (full 0):
 garbage-first heap   total 405504K, used 367221K [0x0000000600000000, 0x0000000800000000)
  region size 4096K, 33 young (135168K), 3 survivors (12288K)
 Metaspace       used 114021K, committed 116864K, reserved 1179648K
  class space    used 16065K, committed 17408K, reserved 1048576K
}
Event: 156.027 GC heap after
{Heap after GC invocations=82 (full 0):
 garbage-first heap   total 405504K, used 259401K [0x0000000600000000, 0x0000000800000000)
  region size 4096K, 5 young (20480K), 5 survivors (20480K)
 Metaspace       used 114021K, committed 116864K, reserved 1179648K
  class space    used 16065K, committed 17408K, reserved 1048576K
}
Event: 173.234 GC heap before
{Heap before GC invocations=82 (full 0):
 garbage-first heap   total 405504K, used 365897K [0x0000000600000000, 0x0000000800000000)
  region size 4096K, 32 young (131072K), 5 survivors (20480K)
 Metaspace       used 118103K, committed 120960K, reserved 1179648K
  class space    used 16404K, committed 17792K, reserved 1048576K
}
Event: 173.267 GC heap after
{Heap after GC invocations=83 (full 0):
 garbage-first heap   total 405504K, used 267746K [0x0000000600000000, 0x0000000800000000)
  region size 4096K, 3 young (12288K), 3 survivors (12288K)
 Metaspace       used 118103K, committed 120960K, reserved 1179648K
  class space    used 16404K, committed 17792K, reserved 1048576K
}
Event: 176.928 GC heap before
{Heap before GC invocations=84 (full 0):
 garbage-first heap   total 450560K, used 370146K [0x0000000600000000, 0x0000000800000000)
  region size 4096K, 29 young (118784K), 3 survivors (12288K)
 Metaspace       used 122391K, committed 125248K, reserved 1179648K
  class space    used 16810K, committed 18176K, reserved 1048576K
}
Event: 176.943 GC heap after
{Heap after GC invocations=85 (full 0):
 garbage-first heap   total 450560K, used 273277K [0x0000000600000000, 0x0000000800000000)
  region size 4096K, 2 young (8192K), 2 survivors (8192K)
 Metaspace       used 122391K, committed 125248K, reserved 1179648K
  class space    used 16810K, committed 18176K, reserved 1048576K
}

